{"/Users/hongyangchun/Codebase/Weibo-downloader/src/lib/validation.ts": {"path":"/Users/hongyangchun/Codebase/Weibo-downloader/src/lib/validation.ts","all":false,"statementMap":{"2":{"start":{"line":3,"column":0},"end":{"line":3,"column":63}},"3":{"start":{"line":4,"column":0},"end":{"line":4,"column":29}},"4":{"start":{"line":5,"column":0},"end":{"line":5,"column":49}},"6":{"start":{"line":7,"column":0},"end":{"line":7,"column":7}},"7":{"start":{"line":8,"column":0},"end":{"line":8,"column":86}},"8":{"start":{"line":9,"column":0},"end":{"line":9,"column":39}},"10":{"start":{"line":11,"column":0},"end":{"line":11,"column":52}},"11":{"start":{"line":12,"column":0},"end":{"line":12,"column":50}},"12":{"start":{"line":13,"column":0},"end":{"line":13,"column":22}},"13":{"start":{"line":14,"column":0},"end":{"line":14,"column":5}},"15":{"start":{"line":16,"column":0},"end":{"line":16,"column":57}},"16":{"start":{"line":17,"column":0},"end":{"line":17,"column":28}},"17":{"start":{"line":18,"column":0},"end":{"line":18,"column":26}},"18":{"start":{"line":19,"column":0},"end":{"line":19,"column":32}},"19":{"start":{"line":20,"column":0},"end":{"line":20,"column":23}},"20":{"start":{"line":21,"column":0},"end":{"line":21,"column":6}},"22":{"start":{"line":23,"column":0},"end":{"line":23,"column":43}},"23":{"start":{"line":24,"column":0},"end":{"line":24,"column":44}},"24":{"start":{"line":25,"column":0},"end":{"line":25,"column":33}},"25":{"start":{"line":26,"column":0},"end":{"line":26,"column":5}},"26":{"start":{"line":27,"column":0},"end":{"line":27,"column":11}},"28":{"start":{"line":29,"column":0},"end":{"line":29,"column":3}},"30":{"start":{"line":31,"column":0},"end":{"line":31,"column":93}},"31":{"start":{"line":32,"column":0},"end":{"line":32,"column":49}},"32":{"start":{"line":33,"column":0},"end":{"line":33,"column":1}},"34":{"start":{"line":35,"column":0},"end":{"line":35,"column":59}},"35":{"start":{"line":36,"column":0},"end":{"line":36,"column":31}},"36":{"start":{"line":37,"column":0},"end":{"line":37,"column":46}},"37":{"start":{"line":38,"column":0},"end":{"line":38,"column":45}},"38":{"start":{"line":39,"column":0},"end":{"line":39,"column":1}},"40":{"start":{"line":41,"column":0},"end":{"line":41,"column":50}},"41":{"start":{"line":42,"column":0},"end":{"line":42,"column":39}},"42":{"start":{"line":43,"column":0},"end":{"line":43,"column":1}},"44":{"start":{"line":45,"column":0},"end":{"line":45,"column":56}},"45":{"start":{"line":46,"column":0},"end":{"line":46,"column":33}},"46":{"start":{"line":47,"column":0},"end":{"line":47,"column":1}},"48":{"start":{"line":49,"column":0},"end":{"line":49,"column":63}},"49":{"start":{"line":50,"column":0},"end":{"line":50,"column":25}},"50":{"start":{"line":51,"column":0},"end":{"line":51,"column":50}},"51":{"start":{"line":52,"column":0},"end":{"line":52,"column":40}},"52":{"start":{"line":53,"column":0},"end":{"line":53,"column":1}},"54":{"start":{"line":55,"column":0},"end":{"line":55,"column":61}},"55":{"start":{"line":56,"column":0},"end":{"line":56,"column":25}},"56":{"start":{"line":57,"column":0},"end":{"line":57,"column":50}},"57":{"start":{"line":58,"column":0},"end":{"line":58,"column":40}},"58":{"start":{"line":59,"column":0},"end":{"line":59,"column":1}},"72":{"start":{"line":73,"column":0},"end":{"line":73,"column":75}},"73":{"start":{"line":74,"column":0},"end":{"line":74,"column":10}},"74":{"start":{"line":75,"column":0},"end":{"line":75,"column":27}},"75":{"start":{"line":76,"column":0},"end":{"line":76,"column":33}},"76":{"start":{"line":77,"column":0},"end":{"line":77,"column":26}},"77":{"start":{"line":78,"column":0},"end":{"line":78,"column":41}},"78":{"start":{"line":79,"column":0},"end":{"line":79,"column":17}},"79":{"start":{"line":80,"column":0},"end":{"line":80,"column":99}},"80":{"start":{"line":81,"column":0},"end":{"line":81,"column":93}},"81":{"start":{"line":82,"column":0},"end":{"line":82,"column":6}},"82":{"start":{"line":83,"column":0},"end":{"line":83,"column":33}},"83":{"start":{"line":84,"column":0},"end":{"line":84,"column":42}},"84":{"start":{"line":85,"column":0},"end":{"line":85,"column":4}},"85":{"start":{"line":86,"column":0},"end":{"line":86,"column":1}}},"s":{"2":1,"3":19,"4":19,"6":18,"7":19,"8":19,"10":19,"11":19,"12":1,"13":1,"15":13,"16":13,"17":13,"18":13,"19":13,"20":13,"22":19,"23":31,"24":31,"25":31,"26":19,"28":4,"30":10,"31":19,"32":19,"34":1,"35":8,"36":8,"37":7,"38":7,"40":1,"41":6,"42":6,"44":1,"45":0,"46":0,"48":1,"49":3,"50":2,"51":2,"52":2,"54":1,"55":3,"56":2,"57":2,"58":2,"72":1,"73":2,"74":2,"75":2,"76":2,"77":2,"78":2,"79":2,"80":2,"81":2,"82":2,"83":2,"84":2,"85":2},"branchMap":{"0":{"type":"branch","line":3,"loc":{"start":{"line":3,"column":7},"end":{"line":33,"column":1}},"locations":[{"start":{"line":3,"column":7},"end":{"line":33,"column":1}}]},"1":{"type":"branch","line":5,"loc":{"start":{"line":5,"column":34},"end":{"line":5,"column":49}},"locations":[{"start":{"line":5,"column":34},"end":{"line":5,"column":49}}]},"2":{"type":"branch","line":5,"loc":{"start":{"line":5,"column":41},"end":{"line":8,"column":55}},"locations":[{"start":{"line":5,"column":41},"end":{"line":8,"column":55}}]},"3":{"type":"branch","line":8,"loc":{"start":{"line":8,"column":51},"end":{"line":8,"column":65}},"locations":[{"start":{"line":8,"column":51},"end":{"line":8,"column":65}}]},"4":{"type":"branch","line":8,"loc":{"start":{"line":8,"column":55},"end":{"line":8,"column":86}},"locations":[{"start":{"line":8,"column":55},"end":{"line":8,"column":86}}]},"5":{"type":"branch","line":12,"loc":{"start":{"line":12,"column":8},"end":{"line":12,"column":49}},"locations":[{"start":{"line":12,"column":8},"end":{"line":12,"column":49}}]},"6":{"type":"branch","line":12,"loc":{"start":{"line":12,"column":49},"end":{"line":14,"column":5}},"locations":[{"start":{"line":12,"column":49},"end":{"line":14,"column":5}}]},"7":{"type":"branch","line":14,"loc":{"start":{"line":14,"column":4},"end":{"line":23,"column":42}},"locations":[{"start":{"line":14,"column":4},"end":{"line":23,"column":42}}]},"8":{"type":"branch","line":23,"loc":{"start":{"line":23,"column":42},"end":{"line":26,"column":5}},"locations":[{"start":{"line":23,"column":42},"end":{"line":26,"column":5}}]},"9":{"type":"branch","line":25,"loc":{"start":{"line":25,"column":17},"end":{"line":25,"column":33}},"locations":[{"start":{"line":25,"column":17},"end":{"line":25,"column":33}}]},"10":{"type":"branch","line":26,"loc":{"start":{"line":26,"column":4},"end":{"line":27,"column":10}},"locations":[{"start":{"line":26,"column":4},"end":{"line":27,"column":10}}]},"11":{"type":"branch","line":27,"loc":{"start":{"line":27,"column":2},"end":{"line":29,"column":3}},"locations":[{"start":{"line":27,"column":2},"end":{"line":29,"column":3}}]},"12":{"type":"branch","line":29,"loc":{"start":{"line":29,"column":2},"end":{"line":32,"column":25}},"locations":[{"start":{"line":29,"column":2},"end":{"line":32,"column":25}}]},"13":{"type":"branch","line":32,"loc":{"start":{"line":32,"column":9},"end":{"line":32,"column":44}},"locations":[{"start":{"line":32,"column":9},"end":{"line":32,"column":44}}]},"14":{"type":"branch","line":32,"loc":{"start":{"line":32,"column":40},"end":{"line":32,"column":49}},"locations":[{"start":{"line":32,"column":40},"end":{"line":32,"column":49}}]},"15":{"type":"branch","line":35,"loc":{"start":{"line":35,"column":7},"end":{"line":39,"column":1}},"locations":[{"start":{"line":35,"column":7},"end":{"line":39,"column":1}}]},"16":{"type":"branch","line":37,"loc":{"start":{"line":37,"column":34},"end":{"line":37,"column":46}},"locations":[{"start":{"line":37,"column":34},"end":{"line":37,"column":46}}]},"17":{"type":"branch","line":37,"loc":{"start":{"line":37,"column":41},"end":{"line":39,"column":1}},"locations":[{"start":{"line":37,"column":41},"end":{"line":39,"column":1}}]},"18":{"type":"branch","line":41,"loc":{"start":{"line":41,"column":7},"end":{"line":43,"column":1}},"locations":[{"start":{"line":41,"column":7},"end":{"line":43,"column":1}}]},"19":{"type":"branch","line":49,"loc":{"start":{"line":49,"column":7},"end":{"line":53,"column":1}},"locations":[{"start":{"line":49,"column":7},"end":{"line":53,"column":1}}]},"20":{"type":"branch","line":50,"loc":{"start":{"line":50,"column":16},"end":{"line":50,"column":25}},"locations":[{"start":{"line":50,"column":16},"end":{"line":50,"column":25}}]},"21":{"type":"branch","line":50,"loc":{"start":{"line":50,"column":23},"end":{"line":53,"column":1}},"locations":[{"start":{"line":50,"column":23},"end":{"line":53,"column":1}}]},"22":{"type":"branch","line":55,"loc":{"start":{"line":55,"column":7},"end":{"line":59,"column":1}},"locations":[{"start":{"line":55,"column":7},"end":{"line":59,"column":1}}]},"23":{"type":"branch","line":56,"loc":{"start":{"line":56,"column":16},"end":{"line":56,"column":25}},"locations":[{"start":{"line":56,"column":16},"end":{"line":56,"column":25}}]},"24":{"type":"branch","line":56,"loc":{"start":{"line":56,"column":23},"end":{"line":59,"column":1}},"locations":[{"start":{"line":56,"column":23},"end":{"line":59,"column":1}}]},"25":{"type":"branch","line":73,"loc":{"start":{"line":73,"column":7},"end":{"line":86,"column":1}},"locations":[{"start":{"line":73,"column":7},"end":{"line":86,"column":1}}]},"26":{"type":"branch","line":80,"loc":{"start":{"line":80,"column":43},"end":{"line":80,"column":94}},"locations":[{"start":{"line":80,"column":43},"end":{"line":80,"column":94}}]},"27":{"type":"branch","line":80,"loc":{"start":{"line":80,"column":90},"end":{"line":80,"column":99}},"locations":[{"start":{"line":80,"column":90},"end":{"line":80,"column":99}}]},"28":{"type":"branch","line":81,"loc":{"start":{"line":81,"column":41},"end":{"line":81,"column":88}},"locations":[{"start":{"line":81,"column":41},"end":{"line":81,"column":88}}]},"29":{"type":"branch","line":81,"loc":{"start":{"line":81,"column":84},"end":{"line":81,"column":93}},"locations":[{"start":{"line":81,"column":84},"end":{"line":81,"column":93}}]}},"b":{"0":[19],"1":[1],"2":[18],"3":[9],"4":[9],"5":[1],"6":[1],"7":[13],"8":[31],"9":[7],"10":[6],"11":[4],"12":[10],"13":[1],"14":[9],"15":[8],"16":[1],"17":[7],"18":[6],"19":[3],"20":[1],"21":[2],"22":[3],"23":[1],"24":[2],"25":[2],"26":[1],"27":[1],"28":[1],"29":[1]},"fnMap":{"0":{"name":"extractUidFromUrl","decl":{"start":{"line":3,"column":7},"end":{"line":33,"column":1}},"loc":{"start":{"line":3,"column":7},"end":{"line":33,"column":1}},"line":3},"1":{"name":"isValidProfileUrl","decl":{"start":{"line":35,"column":7},"end":{"line":39,"column":1}},"loc":{"start":{"line":35,"column":7},"end":{"line":39,"column":1}},"line":35},"2":{"name":"isValidUid","decl":{"start":{"line":41,"column":7},"end":{"line":43,"column":1}},"loc":{"start":{"line":41,"column":7},"end":{"line":43,"column":1}},"line":41},"3":{"name":"isValidCookie","decl":{"start":{"line":45,"column":7},"end":{"line":47,"column":1}},"loc":{"start":{"line":45,"column":7},"end":{"line":47,"column":1}},"line":45},"4":{"name":"dateToStartTimestamp","decl":{"start":{"line":49,"column":7},"end":{"line":53,"column":1}},"loc":{"start":{"line":49,"column":7},"end":{"line":53,"column":1}},"line":49},"5":{"name":"dateToEndTimestamp","decl":{"start":{"line":55,"column":7},"end":{"line":59,"column":1}},"loc":{"start":{"line":55,"column":7},"end":{"line":59,"column":1}},"line":55},"6":{"name":"buildDownloadRequest","decl":{"start":{"line":73,"column":7},"end":{"line":86,"column":1}},"loc":{"start":{"line":73,"column":7},"end":{"line":86,"column":1}},"line":73}},"f":{"0":19,"1":8,"2":6,"3":0,"4":3,"5":3,"6":2}}
,"/Users/hongyangchun/Codebase/Weibo-downloader/src/state/wizard-reducer.ts": {"path":"/Users/hongyangchun/Codebase/Weibo-downloader/src/state/wizard-reducer.ts","all":false,"statementMap":{"27":{"start":{"line":28,"column":0},"end":{"line":28,"column":43}},"28":{"start":{"line":29,"column":0},"end":{"line":29,"column":10}},"29":{"start":{"line":30,"column":0},"end":{"line":30,"column":20}},"30":{"start":{"line":31,"column":0},"end":{"line":31,"column":13}},"31":{"start":{"line":32,"column":0},"end":{"line":32,"column":24}},"32":{"start":{"line":33,"column":0},"end":{"line":33,"column":17}},"33":{"start":{"line":34,"column":0},"end":{"line":34,"column":25}},"34":{"start":{"line":35,"column":0},"end":{"line":35,"column":22}},"35":{"start":{"line":36,"column":0},"end":{"line":36,"column":18}},"36":{"start":{"line":37,"column":0},"end":{"line":37,"column":16}},"37":{"start":{"line":38,"column":0},"end":{"line":38,"column":14}},"38":{"start":{"line":39,"column":0},"end":{"line":39,"column":20}},"39":{"start":{"line":40,"column":0},"end":{"line":40,"column":23}},"40":{"start":{"line":41,"column":0},"end":{"line":41,"column":16}},"41":{"start":{"line":42,"column":0},"end":{"line":42,"column":24}},"42":{"start":{"line":43,"column":0},"end":{"line":43,"column":14}},"43":{"start":{"line":44,"column":0},"end":{"line":44,"column":12}},"44":{"start":{"line":45,"column":0},"end":{"line":45,"column":13}},"45":{"start":{"line":46,"column":0},"end":{"line":46,"column":11}},"46":{"start":{"line":47,"column":0},"end":{"line":47,"column":26}},"47":{"start":{"line":48,"column":0},"end":{"line":48,"column":11}},"48":{"start":{"line":49,"column":0},"end":{"line":49,"column":2}},"75":{"start":{"line":76,"column":0},"end":{"line":76,"column":51}},"76":{"start":{"line":77,"column":0},"end":{"line":77,"column":31}},"77":{"start":{"line":78,"column":0},"end":{"line":78,"column":31}},"78":{"start":{"line":79,"column":0},"end":{"line":79,"column":31}},"79":{"start":{"line":80,"column":0},"end":{"line":80,"column":30}},"80":{"start":{"line":81,"column":0},"end":{"line":81,"column":22}},"81":{"start":{"line":82,"column":0},"end":{"line":82,"column":19}},"82":{"start":{"line":83,"column":0},"end":{"line":83,"column":15}},"83":{"start":{"line":84,"column":0},"end":{"line":84,"column":19}},"84":{"start":{"line":85,"column":0},"end":{"line":85,"column":21}},"85":{"start":{"line":86,"column":0},"end":{"line":86,"column":2}},"87":{"start":{"line":88,"column":0},"end":{"line":88,"column":86}},"88":{"start":{"line":89,"column":0},"end":{"line":89,"column":24}},"89":{"start":{"line":90,"column":0},"end":{"line":90,"column":20}},"90":{"start":{"line":91,"column":0},"end":{"line":91,"column":45}},"92":{"start":{"line":93,"column":0},"end":{"line":93,"column":21}},"93":{"start":{"line":94,"column":0},"end":{"line":94,"column":48}},"95":{"start":{"line":96,"column":0},"end":{"line":96,"column":21}},"96":{"start":{"line":97,"column":0},"end":{"line":97,"column":61}},"98":{"start":{"line":99,"column":0},"end":{"line":99,"column":25}},"99":{"start":{"line":100,"column":0},"end":{"line":100,"column":14}},"100":{"start":{"line":101,"column":0},"end":{"line":101,"column":17}},"101":{"start":{"line":102,"column":0},"end":{"line":102,"column":30}},"102":{"start":{"line":103,"column":0},"end":{"line":103,"column":25}},"103":{"start":{"line":104,"column":0},"end":{"line":104,"column":30}},"104":{"start":{"line":105,"column":0},"end":{"line":105,"column":48}},"105":{"start":{"line":106,"column":0},"end":{"line":106,"column":8}},"107":{"start":{"line":108,"column":0},"end":{"line":108,"column":25}},"108":{"start":{"line":109,"column":0},"end":{"line":109,"column":14}},"109":{"start":{"line":110,"column":0},"end":{"line":110,"column":17}},"110":{"start":{"line":111,"column":0},"end":{"line":111,"column":19}},"111":{"start":{"line":112,"column":0},"end":{"line":112,"column":26}},"112":{"start":{"line":113,"column":0},"end":{"line":113,"column":35}},"113":{"start":{"line":114,"column":0},"end":{"line":114,"column":16}},"114":{"start":{"line":115,"column":0},"end":{"line":115,"column":31}},"115":{"start":{"line":116,"column":0},"end":{"line":116,"column":37}},"116":{"start":{"line":117,"column":0},"end":{"line":117,"column":8}},"118":{"start":{"line":119,"column":0},"end":{"line":119,"column":18}},"119":{"start":{"line":120,"column":0},"end":{"line":120,"column":14}},"120":{"start":{"line":121,"column":0},"end":{"line":121,"column":17}},"121":{"start":{"line":122,"column":0},"end":{"line":122,"column":19}},"122":{"start":{"line":123,"column":0},"end":{"line":123,"column":26}},"123":{"start":{"line":124,"column":0},"end":{"line":124,"column":30}},"124":{"start":{"line":125,"column":0},"end":{"line":125,"column":16}},"125":{"start":{"line":126,"column":0},"end":{"line":126,"column":8}},"127":{"start":{"line":128,"column":0},"end":{"line":128,"column":27}},"128":{"start":{"line":129,"column":0},"end":{"line":129,"column":50}},"130":{"start":{"line":131,"column":0},"end":{"line":131,"column":27}},"131":{"start":{"line":132,"column":0},"end":{"line":132,"column":53}},"133":{"start":{"line":134,"column":0},"end":{"line":134,"column":30}},"134":{"start":{"line":135,"column":0},"end":{"line":135,"column":55}},"136":{"start":{"line":137,"column":0},"end":{"line":137,"column":25}},"137":{"start":{"line":138,"column":0},"end":{"line":138,"column":49}},"139":{"start":{"line":140,"column":0},"end":{"line":140,"column":26}},"140":{"start":{"line":141,"column":0},"end":{"line":141,"column":50}},"142":{"start":{"line":143,"column":0},"end":{"line":143,"column":24}},"143":{"start":{"line":144,"column":0},"end":{"line":144,"column":48}},"145":{"start":{"line":146,"column":0},"end":{"line":146,"column":31}},"146":{"start":{"line":147,"column":0},"end":{"line":147,"column":56}},"148":{"start":{"line":149,"column":0},"end":{"line":149,"column":29}},"149":{"start":{"line":150,"column":0},"end":{"line":150,"column":55}},"151":{"start":{"line":152,"column":0},"end":{"line":152,"column":26}},"152":{"start":{"line":153,"column":0},"end":{"line":153,"column":49}},"154":{"start":{"line":155,"column":0},"end":{"line":155,"column":28}},"155":{"start":{"line":156,"column":0},"end":{"line":156,"column":14}},"156":{"start":{"line":157,"column":0},"end":{"line":157,"column":17}},"157":{"start":{"line":158,"column":0},"end":{"line":158,"column":37}},"158":{"start":{"line":159,"column":0},"end":{"line":159,"column":20}},"159":{"start":{"line":160,"column":0},"end":{"line":160,"column":26}},"160":{"start":{"line":161,"column":0},"end":{"line":161,"column":19}},"161":{"start":{"line":162,"column":0},"end":{"line":162,"column":17}},"162":{"start":{"line":163,"column":0},"end":{"line":163,"column":32}},"163":{"start":{"line":164,"column":0},"end":{"line":164,"column":26}},"164":{"start":{"line":165,"column":0},"end":{"line":165,"column":8}},"166":{"start":{"line":167,"column":0},"end":{"line":167,"column":29}},"167":{"start":{"line":168,"column":0},"end":{"line":168,"column":65}},"168":{"start":{"line":169,"column":0},"end":{"line":169,"column":50}},"170":{"start":{"line":171,"column":0},"end":{"line":171,"column":29}},"171":{"start":{"line":172,"column":0},"end":{"line":172,"column":16}},"172":{"start":{"line":173,"column":0},"end":{"line":173,"column":19}},"173":{"start":{"line":174,"column":0},"end":{"line":174,"column":24}},"174":{"start":{"line":175,"column":0},"end":{"line":175,"column":28}},"175":{"start":{"line":176,"column":0},"end":{"line":176,"column":21}},"176":{"start":{"line":177,"column":0},"end":{"line":177,"column":19}},"177":{"start":{"line":178,"column":0},"end":{"line":178,"column":41}},"178":{"start":{"line":179,"column":0},"end":{"line":179,"column":10}},"179":{"start":{"line":180,"column":0},"end":{"line":180,"column":7}},"181":{"start":{"line":182,"column":0},"end":{"line":182,"column":30}},"182":{"start":{"line":183,"column":0},"end":{"line":183,"column":16}},"183":{"start":{"line":184,"column":0},"end":{"line":184,"column":19}},"184":{"start":{"line":185,"column":0},"end":{"line":185,"column":37}},"185":{"start":{"line":186,"column":0},"end":{"line":186,"column":28}},"186":{"start":{"line":187,"column":0},"end":{"line":187,"column":41}},"187":{"start":{"line":188,"column":0},"end":{"line":188,"column":10}},"188":{"start":{"line":189,"column":0},"end":{"line":189,"column":7}},"190":{"start":{"line":191,"column":0},"end":{"line":191,"column":26}},"191":{"start":{"line":192,"column":0},"end":{"line":192,"column":16}},"192":{"start":{"line":193,"column":0},"end":{"line":193,"column":19}},"193":{"start":{"line":194,"column":0},"end":{"line":194,"column":33}},"194":{"start":{"line":195,"column":0},"end":{"line":195,"column":32}},"195":{"start":{"line":196,"column":0},"end":{"line":196,"column":28}},"196":{"start":{"line":197,"column":0},"end":{"line":197,"column":41}},"197":{"start":{"line":198,"column":0},"end":{"line":198,"column":10}},"198":{"start":{"line":199,"column":0},"end":{"line":199,"column":7}},"200":{"start":{"line":201,"column":0},"end":{"line":201,"column":89}},"201":{"start":{"line":202,"column":0},"end":{"line":202,"column":14}},"202":{"start":{"line":203,"column":0},"end":{"line":203,"column":17}},"203":{"start":{"line":204,"column":0},"end":{"line":204,"column":22}},"204":{"start":{"line":205,"column":0},"end":{"line":205,"column":63}},"205":{"start":{"line":206,"column":0},"end":{"line":206,"column":19}},"206":{"start":{"line":207,"column":0},"end":{"line":207,"column":17}},"207":{"start":{"line":208,"column":0},"end":{"line":208,"column":39}},"208":{"start":{"line":209,"column":0},"end":{"line":209,"column":8}},"209":{"start":{"line":210,"column":0},"end":{"line":210,"column":5}},"211":{"start":{"line":212,"column":0},"end":{"line":212,"column":24}},"212":{"start":{"line":213,"column":0},"end":{"line":213,"column":14}},"213":{"start":{"line":214,"column":0},"end":{"line":214,"column":17}},"214":{"start":{"line":215,"column":0},"end":{"line":215,"column":35}},"215":{"start":{"line":216,"column":0},"end":{"line":216,"column":25}},"216":{"start":{"line":217,"column":0},"end":{"line":217,"column":41}},"217":{"start":{"line":218,"column":0},"end":{"line":218,"column":8}},"219":{"start":{"line":220,"column":0},"end":{"line":220,"column":28}},"220":{"start":{"line":221,"column":0},"end":{"line":221,"column":14}},"221":{"start":{"line":222,"column":0},"end":{"line":222,"column":17}},"222":{"start":{"line":223,"column":0},"end":{"line":223,"column":30}},"223":{"start":{"line":224,"column":0},"end":{"line":224,"column":22}},"224":{"start":{"line":225,"column":0},"end":{"line":225,"column":22}},"225":{"start":{"line":226,"column":0},"end":{"line":226,"column":8}},"227":{"start":{"line":228,"column":0},"end":{"line":228,"column":25}},"228":{"start":{"line":229,"column":0},"end":{"line":229,"column":14}},"229":{"start":{"line":230,"column":0},"end":{"line":230,"column":17}},"230":{"start":{"line":231,"column":0},"end":{"line":231,"column":31}},"231":{"start":{"line":232,"column":0},"end":{"line":232,"column":37}},"232":{"start":{"line":233,"column":0},"end":{"line":233,"column":8}},"234":{"start":{"line":235,"column":0},"end":{"line":235,"column":26}},"235":{"start":{"line":236,"column":0},"end":{"line":236,"column":14}},"236":{"start":{"line":237,"column":0},"end":{"line":237,"column":17}},"237":{"start":{"line":238,"column":0},"end":{"line":238,"column":35}},"238":{"start":{"line":239,"column":0},"end":{"line":239,"column":21}},"239":{"start":{"line":240,"column":0},"end":{"line":240,"column":8}},"241":{"start":{"line":242,"column":0},"end":{"line":242,"column":19}},"242":{"start":{"line":243,"column":0},"end":{"line":243,"column":65}},"244":{"start":{"line":245,"column":0},"end":{"line":245,"column":17}},"245":{"start":{"line":246,"column":0},"end":{"line":246,"column":86}},"247":{"start":{"line":248,"column":0},"end":{"line":248,"column":12}},"248":{"start":{"line":249,"column":0},"end":{"line":249,"column":19}},"249":{"start":{"line":250,"column":0},"end":{"line":250,"column":3}},"250":{"start":{"line":251,"column":0},"end":{"line":251,"column":1}}},"s":{"27":1,"28":1,"29":1,"30":1,"31":1,"32":1,"33":1,"34":1,"35":1,"36":1,"37":1,"38":1,"39":1,"40":1,"41":1,"42":1,"43":1,"44":1,"45":1,"46":1,"47":1,"48":1,"75":1,"76":1,"77":1,"78":1,"79":1,"80":1,"81":1,"82":1,"83":1,"84":1,"85":1,"87":1,"88":34,"89":34,"90":1,"92":34,"93":1,"95":34,"96":2,"98":34,"99":2,"100":2,"101":2,"102":2,"103":2,"104":2,"105":2,"107":34,"108":1,"109":1,"110":1,"111":1,"112":1,"113":1,"114":1,"115":1,"116":1,"118":34,"119":1,"120":1,"121":1,"122":1,"123":1,"124":1,"125":1,"127":34,"128":1,"130":34,"131":1,"133":34,"134":1,"136":34,"137":1,"139":34,"140":1,"142":34,"143":1,"145":34,"146":1,"148":34,"149":1,"151":34,"152":1,"154":34,"155":1,"156":1,"157":1,"158":1,"159":1,"160":1,"161":1,"162":1,"163":1,"164":1,"166":34,"167":9,"168":9,"170":9,"171":1,"172":1,"173":1,"174":1,"175":1,"176":1,"177":1,"178":1,"179":1,"181":9,"182":1,"183":1,"184":1,"185":1,"186":1,"187":1,"188":1,"190":9,"191":1,"192":1,"193":1,"194":1,"195":1,"196":1,"197":1,"198":1,"200":9,"201":9,"202":9,"203":9,"204":9,"205":9,"206":9,"207":9,"208":9,"209":9,"211":34,"212":1,"213":1,"214":1,"215":1,"216":1,"217":1,"219":34,"220":1,"221":1,"222":1,"223":1,"224":1,"225":1,"227":34,"228":1,"229":1,"230":1,"231":1,"232":1,"234":34,"235":1,"236":1,"237":1,"238":1,"239":1,"241":34,"242":1,"244":34,"245":1,"247":34,"248":1,"249":34,"250":34},"branchMap":{"0":{"type":"branch","line":88,"loc":{"start":{"line":88,"column":7},"end":{"line":251,"column":1}},"locations":[{"start":{"line":88,"column":7},"end":{"line":251,"column":1}}]},"1":{"type":"branch","line":90,"loc":{"start":{"line":90,"column":4},"end":{"line":91,"column":45}},"locations":[{"start":{"line":90,"column":4},"end":{"line":91,"column":45}}]},"2":{"type":"branch","line":93,"loc":{"start":{"line":93,"column":4},"end":{"line":94,"column":48}},"locations":[{"start":{"line":93,"column":4},"end":{"line":94,"column":48}}]},"3":{"type":"branch","line":96,"loc":{"start":{"line":96,"column":4},"end":{"line":97,"column":61}},"locations":[{"start":{"line":96,"column":4},"end":{"line":97,"column":61}}]},"4":{"type":"branch","line":99,"loc":{"start":{"line":99,"column":4},"end":{"line":106,"column":8}},"locations":[{"start":{"line":99,"column":4},"end":{"line":106,"column":8}}]},"5":{"type":"branch","line":105,"loc":{"start":{"line":105,"column":29},"end":{"line":105,"column":37}},"locations":[{"start":{"line":105,"column":29},"end":{"line":105,"column":37}}]},"6":{"type":"branch","line":105,"loc":{"start":{"line":105,"column":33},"end":{"line":105,"column":48}},"locations":[{"start":{"line":105,"column":33},"end":{"line":105,"column":48}}]},"7":{"type":"branch","line":108,"loc":{"start":{"line":108,"column":4},"end":{"line":117,"column":8}},"locations":[{"start":{"line":108,"column":4},"end":{"line":117,"column":8}}]},"8":{"type":"branch","line":119,"loc":{"start":{"line":119,"column":4},"end":{"line":126,"column":8}},"locations":[{"start":{"line":119,"column":4},"end":{"line":126,"column":8}}]},"9":{"type":"branch","line":128,"loc":{"start":{"line":128,"column":4},"end":{"line":129,"column":50}},"locations":[{"start":{"line":128,"column":4},"end":{"line":129,"column":50}}]},"10":{"type":"branch","line":131,"loc":{"start":{"line":131,"column":4},"end":{"line":132,"column":53}},"locations":[{"start":{"line":131,"column":4},"end":{"line":132,"column":53}}]},"11":{"type":"branch","line":134,"loc":{"start":{"line":134,"column":4},"end":{"line":135,"column":55}},"locations":[{"start":{"line":134,"column":4},"end":{"line":135,"column":55}}]},"12":{"type":"branch","line":137,"loc":{"start":{"line":137,"column":4},"end":{"line":138,"column":49}},"locations":[{"start":{"line":137,"column":4},"end":{"line":138,"column":49}}]},"13":{"type":"branch","line":140,"loc":{"start":{"line":140,"column":4},"end":{"line":141,"column":50}},"locations":[{"start":{"line":140,"column":4},"end":{"line":141,"column":50}}]},"14":{"type":"branch","line":143,"loc":{"start":{"line":143,"column":4},"end":{"line":144,"column":48}},"locations":[{"start":{"line":143,"column":4},"end":{"line":144,"column":48}}]},"15":{"type":"branch","line":146,"loc":{"start":{"line":146,"column":4},"end":{"line":147,"column":56}},"locations":[{"start":{"line":146,"column":4},"end":{"line":147,"column":56}}]},"16":{"type":"branch","line":149,"loc":{"start":{"line":149,"column":4},"end":{"line":150,"column":55}},"locations":[{"start":{"line":149,"column":4},"end":{"line":150,"column":55}}]},"17":{"type":"branch","line":152,"loc":{"start":{"line":152,"column":4},"end":{"line":153,"column":49}},"locations":[{"start":{"line":152,"column":4},"end":{"line":153,"column":49}}]},"18":{"type":"branch","line":155,"loc":{"start":{"line":155,"column":4},"end":{"line":165,"column":8}},"locations":[{"start":{"line":155,"column":4},"end":{"line":165,"column":8}}]},"19":{"type":"branch","line":167,"loc":{"start":{"line":167,"column":4},"end":{"line":210,"column":5}},"locations":[{"start":{"line":167,"column":4},"end":{"line":210,"column":5}}]},"20":{"type":"branch","line":169,"loc":{"start":{"line":169,"column":37},"end":{"line":169,"column":50}},"locations":[{"start":{"line":169,"column":37},"end":{"line":169,"column":50}}]},"21":{"type":"branch","line":171,"loc":{"start":{"line":171,"column":28},"end":{"line":180,"column":7}},"locations":[{"start":{"line":171,"column":28},"end":{"line":180,"column":7}}]},"22":{"type":"branch","line":180,"loc":{"start":{"line":180,"column":6},"end":{"line":182,"column":29}},"locations":[{"start":{"line":180,"column":6},"end":{"line":182,"column":29}}]},"23":{"type":"branch","line":182,"loc":{"start":{"line":182,"column":29},"end":{"line":189,"column":7}},"locations":[{"start":{"line":182,"column":29},"end":{"line":189,"column":7}}]},"24":{"type":"branch","line":189,"loc":{"start":{"line":189,"column":6},"end":{"line":191,"column":25}},"locations":[{"start":{"line":189,"column":6},"end":{"line":191,"column":25}}]},"25":{"type":"branch","line":191,"loc":{"start":{"line":191,"column":25},"end":{"line":199,"column":7}},"locations":[{"start":{"line":191,"column":25},"end":{"line":199,"column":7}}]},"26":{"type":"branch","line":199,"loc":{"start":{"line":199,"column":6},"end":{"line":201,"column":45}},"locations":[{"start":{"line":199,"column":6},"end":{"line":201,"column":45}}]},"27":{"type":"branch","line":201,"loc":{"start":{"line":201,"column":24},"end":{"line":201,"column":50}},"locations":[{"start":{"line":201,"column":24},"end":{"line":201,"column":50}}]},"28":{"type":"branch","line":201,"loc":{"start":{"line":201,"column":45},"end":{"line":201,"column":89}},"locations":[{"start":{"line":201,"column":45},"end":{"line":201,"column":89}}]},"29":{"type":"branch","line":201,"loc":{"start":{"line":201,"column":82},"end":{"line":201,"column":89}},"locations":[{"start":{"line":201,"column":82},"end":{"line":201,"column":89}}]},"30":{"type":"branch","line":205,"loc":{"start":{"line":205,"column":21},"end":{"line":205,"column":52}},"locations":[{"start":{"line":205,"column":21},"end":{"line":205,"column":52}}]},"31":{"type":"branch","line":205,"loc":{"start":{"line":205,"column":42},"end":{"line":205,"column":63}},"locations":[{"start":{"line":205,"column":42},"end":{"line":205,"column":63}}]},"32":{"type":"branch","line":212,"loc":{"start":{"line":212,"column":4},"end":{"line":218,"column":8}},"locations":[{"start":{"line":212,"column":4},"end":{"line":218,"column":8}}]},"33":{"type":"branch","line":220,"loc":{"start":{"line":220,"column":4},"end":{"line":226,"column":8}},"locations":[{"start":{"line":220,"column":4},"end":{"line":226,"column":8}}]},"34":{"type":"branch","line":228,"loc":{"start":{"line":228,"column":4},"end":{"line":233,"column":8}},"locations":[{"start":{"line":228,"column":4},"end":{"line":233,"column":8}}]},"35":{"type":"branch","line":235,"loc":{"start":{"line":235,"column":4},"end":{"line":240,"column":8}},"locations":[{"start":{"line":235,"column":4},"end":{"line":240,"column":8}}]},"36":{"type":"branch","line":242,"loc":{"start":{"line":242,"column":4},"end":{"line":243,"column":65}},"locations":[{"start":{"line":242,"column":4},"end":{"line":243,"column":65}}]},"37":{"type":"branch","line":245,"loc":{"start":{"line":245,"column":4},"end":{"line":246,"column":86}},"locations":[{"start":{"line":245,"column":4},"end":{"line":246,"column":86}}]},"38":{"type":"branch","line":248,"loc":{"start":{"line":248,"column":4},"end":{"line":249,"column":19}},"locations":[{"start":{"line":248,"column":4},"end":{"line":249,"column":19}}]}},"b":{"0":[34],"1":[1],"2":[1],"3":[2],"4":[2],"5":[1],"6":[1],"7":[1],"8":[1],"9":[1],"10":[1],"11":[1],"12":[1],"13":[1],"14":[1],"15":[1],"16":[1],"17":[1],"18":[1],"19":[9],"20":[0],"21":[1],"22":[8],"23":[1],"24":[7],"25":[1],"26":[6],"27":[1],"28":[5],"29":[0],"30":[1],"31":[5],"32":[1],"33":[1],"34":[1],"35":[1],"36":[1],"37":[1],"38":[1]},"fnMap":{"0":{"name":"wizardReducer","decl":{"start":{"line":88,"column":7},"end":{"line":251,"column":1}},"loc":{"start":{"line":88,"column":7},"end":{"line":251,"column":1}},"line":88}},"f":{"0":34}}
}
